[02Jul2025 00:00:31.430] [Server thread/INFO] [com.brass_amber.ba_bt.BABTMain/]: Spawners Destroyed: 13
[02Jul2025 00:00:46.988] [Server thread/WARN] [net.minecraft.server.MinecraftServer/]: Can't keep up! Is the server overloaded? Running 15517ms or 310 ticks behind
[02Jul2025 00:00:48.928] [Server thread/INFO] [com.brass_amber.ba_bt.BABTMain/]: Spawners Destroyed: 14
[02Jul2025 00:02:30.502] [Server thread/INFO] [com.brass_amber.ba_bt.BABTMain/]: Setting obelisk data
[02Jul2025 00:02:47.219] [Server thread/WARN] [net.minecraft.server.network.ServerGamePacketListenerImpl/]: weecbx moved too quickly! -4.556584746145234,0.0,8.922272901692509
[02Jul2025 00:02:47.229] [Server thread/WARN] [net.minecraft.server.MinecraftServer/]: Can't keep up! Is the server overloaded? Running 16709ms or 334 ticks behind
[02Jul2025 00:03:28.334] [Server thread/INFO] [net.minecraft.server.MinecraftServer/]: [weecbx: Set own game mode to Spectator Mode]
[02Jul2025 00:03:46.839] [Server thread/WARN] [net.minecraft.server.MinecraftServer/]: Can't keep up! Is the server overloaded? Running 18469ms or 369 ticks behind
[02Jul2025 00:03:46.905] [Server thread/WARN] [net.minecraft.server.network.ServerGamePacketListenerImpl/]: weecbx moved too quickly! 5.582825875192995,-2.3649730457270266,-8.03368032242247
[02Jul2025 00:04:00.891] [Server thread/INFO] [net.minecraft.server.MinecraftServer/]: [weecbx: Set own game mode to Survival Mode]
[02Jul2025 00:04:19.916] [Server thread/WARN] [net.minecraft.server.MinecraftServer/]: Can't keep up! Is the server overloaded? Running 18095ms or 361 ticks behind
[02Jul2025 00:04:24.448] [Server thread/INFO] [net.minecraft.server.MinecraftServer/]: [weecbx: Set own game mode to Spectator Mode]
[02Jul2025 00:04:32.407] [Server thread/INFO] [net.minecraft.server.MinecraftServer/]: [weecbx: Set own game mode to Survival Mode]
[02Jul2025 00:04:49.843] [Server thread/INFO] [net.minecraft.server.MinecraftServer/]: [weecbx: Set own game mode to Spectator Mode]
[02Jul2025 00:04:55.033] [Server thread/INFO] [net.minecraft.server.MinecraftServer/]: [weecbx: Set own game mode to Survival Mode]
[02Jul2025 00:05:02.126] [Server thread/INFO] [com.brass_amber.ba_bt.BABTMain/]: Spawners Destroyed: 15
[02Jul2025 00:08:23.704] [Server thread/INFO] [com.brass_amber.ba_bt.BABTMain/]: Setting obelisk data
[02Jul2025 00:09:46.117] [Server thread/INFO] [net.minecraft.server.MinecraftServer/]: [weecbx: Set own game mode to Spectator Mode]
[02Jul2025 00:09:52.597] [Server thread/INFO] [net.minecraft.server.MinecraftServer/]: [weecbx: Set own game mode to Survival Mode]
[02Jul2025 00:09:56.127] [Server thread/INFO] [com.brass_amber.ba_bt.BABTMain/]: Spawners Destroyed: 16
[02Jul2025 00:10:07.126] [Server thread/INFO] [com.brass_amber.ba_bt.BABTMain/]: Spawners Destroyed: 17
[02Jul2025 00:10:26.994] [Server thread/INFO] [net.minecraft.server.MinecraftServer/]: [weecbx: Set own game mode to Spectator Mode]
[02Jul2025 00:10:45.417] [Server thread/INFO] [net.minecraft.server.MinecraftServer/]: [weecbx: Set own game mode to Survival Mode]
[02Jul2025 00:10:48.126] [Server thread/INFO] [com.brass_amber.ba_bt.BABTMain/]: Spawners Destroyed: 18
[02Jul2025 00:11:00.802] [Server thread/INFO] [net.minecraft.server.MinecraftServer/]: [weecbx: Set own game mode to Adventure Mode]
[02Jul2025 00:11:02.099] [Server thread/INFO] [net.minecraft.server.MinecraftServer/]: [weecbx: Set own game mode to Spectator Mode]
[02Jul2025 00:11:49.638] [Server thread/INFO] [net.minecraft.server.MinecraftServer/]: [weecbx: Set own game mode to Adventure Mode]
[02Jul2025 00:11:55.256] [Server thread/INFO] [net.minecraft.server.MinecraftServer/]: [weecbx: Set own game mode to Spectator Mode]
[02Jul2025 00:11:56.836] [Server thread/INFO] [net.minecraft.server.MinecraftServer/]: [weecbx: Set own game mode to Survival Mode]
[02Jul2025 00:12:15.252] [Server thread/INFO] [net.minecraft.server.MinecraftServer/]: [weecbx: Set own game mode to Spectator Mode]
[02Jul2025 00:12:49.070] [Server thread/INFO] [net.minecraft.server.MinecraftServer/]: [weecbx: Set own game mode to Survival Mode]
[02Jul2025 00:13:05.469] [Server thread/INFO] [net.minecraft.server.MinecraftServer/]: [weecbx: Set own game mode to Adventure Mode]
[02Jul2025 00:13:06.240] [Server thread/INFO] [net.minecraft.server.MinecraftServer/]: [weecbx: Set own game mode to Spectator Mode]
[02Jul2025 00:13:23.703] [Server thread/INFO] [com.brass_amber.ba_bt.BABTMain/]: Setting obelisk data
[02Jul2025 00:14:02.787] [Server thread/INFO] [net.minecraft.server.MinecraftServer/]: [weecbx: Set own game mode to Adventure Mode]
[02Jul2025 00:14:04.987] [Server thread/INFO] [net.minecraft.server.MinecraftServer/]: [weecbx: Set own game mode to Survival Mode]
[02Jul2025 00:14:13.395] [Server thread/INFO] [net.minecraft.server.MinecraftServer/]: [weecbx: Set own game mode to Spectator Mode]
[02Jul2025 00:14:31.470] [Server thread/INFO] [net.minecraft.server.MinecraftServer/]: [weecbx: Set own game mode to Survival Mode]
